{"level":"info","message":"Data collection job scheduled successfully."}
{"level":"error","message":"Erro ao coletar ou salvar dados climáticos: Cannot read properties of undefined (reading 'findOne')"}
{"level":"error","message":"Erro ao coletar ou salvar dados climáticos: Cannot read properties of undefined (reading 'findOne')"}
{"level":"error","message":"Erro ao coletar ou salvar dados climáticos: Cannot read properties of undefined (reading 'findOne')"}
{"level":"info","message":"Data collection job scheduled successfully."}
{"level":"error","message":"Erro ao coletar ou salvar dados climáticos: Cannot read properties of undefined (reading 'findOne')"}
{"level":"error","message":"Erro ao coletar ou salvar dados climáticos: Cannot read properties of undefined (reading 'findOne')"}
{"level":"error","message":"Erro ao coletar ou salvar dados climáticos: Cannot read properties of undefined (reading 'findOne')"}
{"level":"error","message":"Erro ao coletar ou salvar dados climáticos: Cannot read properties of undefined (reading 'findOne')"}
{"level":"error","message":"Erro ao coletar ou salvar dados climáticos: Cannot read properties of undefined (reading 'findOne')"}
{"level":"error","message":"Erro ao coletar ou salvar dados climáticos: Cannot read properties of undefined (reading 'findOne')"}
{"level":"error","message":"Erro ao coletar ou salvar dados climáticos: Cannot read properties of undefined (reading 'findOne')"}
{"level":"error","message":"Erro ao coletar ou salvar dados climáticos: Cannot read properties of undefined (reading 'findOne')"}
{"level":"error","message":"Erro ao coletar ou salvar dados climáticos: Cannot read properties of undefined (reading 'findOne')"}
{"level":"error","message":"Erro ao coletar ou salvar dados climáticos: Cannot read properties of undefined (reading 'findOne')"}
{"level":"error","message":"Erro ao coletar ou salvar dados climáticos: Cannot read properties of undefined (reading 'findOne')"}
{"level":"error","message":"Erro ao coletar ou salvar dados climáticos: Cannot read properties of undefined (reading 'findOne')"}
{"level":"info","message":"Data collection job scheduled successfully."}
{"level":"error","message":"Erro ao coletar ou salvar dados climáticos: Cannot read properties of undefined (reading 'findOne')"}
{"level":"error","message":"Erro ao coletar ou salvar dados climáticos: Cannot read properties of undefined (reading 'findOne')"}
{"level":"error","message":"Erro ao coletar ou salvar dados climáticos: Cannot read properties of undefined (reading 'findOne')"}
{"level":"error","message":"Erro ao coletar ou salvar dados climáticos: Cannot read properties of undefined (reading 'findOne')"}
{"level":"error","message":"Erro ao coletar ou salvar dados climáticos: Cannot read properties of undefined (reading 'findOne')"}
{"level":"error","message":"Erro ao coletar ou salvar dados climáticos: Cannot read properties of undefined (reading 'findOne')"}
{"level":"error","message":"Erro ao coletar ou salvar dados climáticos: Cannot read properties of undefined (reading 'findOne')"}
{"level":"info","message":"Data collection job scheduled successfully."}
{"level":"error","message":"Erro ao coletar ou salvar dados climáticos: Cannot destructure property 'latitude' of 'cidade.coordenadas' as it is undefined."}
{"level":"error","message":"Erro ao coletar ou salvar dados climáticos: Cannot destructure property 'latitude' of 'cidade.coordenadas' as it is undefined."}
{"level":"error","message":"Erro ao coletar ou salvar dados climáticos: Cannot destructure property 'latitude' of 'cidade.coordenadas' as it is undefined."}
{"level":"error","message":"Erro ao coletar ou salvar dados climáticos: Cannot destructure property 'latitude' of 'cidade.coordenadas' as it is undefined."}
{"level":"error","message":"Erro ao coletar ou salvar dados climáticos: Cannot destructure property 'latitude' of 'cidade.coordenadas' as it is undefined."}
{"level":"error","message":"Erro ao coletar ou salvar dados climáticos: Cannot destructure property 'latitude' of 'cidade.coordenadas' as it is undefined."}
{"level":"error","message":"Erro ao coletar ou salvar dados climáticos: Cannot destructure property 'latitude' of 'cidade.coordenadas' as it is undefined."}
{"level":"info","message":"Data collection job scheduled successfully."}
{"level":"warn","message":"Cidade não encontrada."}
{"level":"warn","message":"Cidade não encontrada."}
{"level":"info","message":"Data collection job scheduled successfully."}
{"level":"warn","message":"Cidade não encontrada."}
{"level":"warn","message":"Cidade não encontrada."}
{"level":"warn","message":"Cidade não encontrada."}
{"level":"warn","message":"Cidade não encontrada."}
{"level":"info","message":"Data collection job scheduled successfully."}
{"level":"info","message":"Dados climáticos coletados e salvos com sucesso."}
{"level":"info","message":"Dados climáticos coletados e salvos com sucesso."}
{"level":"info","message":"Dados climáticos coletados e salvos com sucesso."}
{"level":"info","message":"Dados climáticos coletados e salvos com sucesso."}
{"level":"info","message":"Dados climáticos coletados e salvos com sucesso."}
{"level":"info","message":"Dados climáticos coletados e salvos com sucesso."}
{"level":"info","message":"Dados climáticos coletados e salvos com sucesso."}
{"level":"info","message":"Data collection job scheduled successfully."}
{"level":"info","message":"Data collection job scheduled successfully."}
{"level":"info","message":"Dados climáticos coletados e salvos com sucesso."}
{"level":"info","message":"Dados climáticos coletados e salvos com sucesso."}
{"level":"info","message":"Dados climáticos coletados e salvos com sucesso."}
{"level":"info","message":"Dados climáticos coletados e salvos com sucesso."}
{"level":"info","message":"Dados climáticos coletados e salvos com sucesso."}
{"level":"info","message":"Dados climáticos coletados e salvos com sucesso."}
{"level":"info","message":"Dados climáticos coletados e salvos com sucesso."}
{"level":"info","message":"Dados climáticos coletados e salvos com sucesso."}
{"level":"info","message":"Data collection job scheduled successfully."}
{"level":"info","message":"Dados climáticos coletados e salvos com sucesso."}
{"level":"info","message":"Dados climáticos coletados e salvos com sucesso."}
{"level":"info","message":"Dados climáticos coletados e salvos com sucesso."}
{"level":"info","message":"Dados climáticos coletados e salvos com sucesso."}
{"level":"info","message":"Dados climáticos coletados e salvos com sucesso."}
{"level":"info","message":"Dados climáticos coletados e salvos com sucesso."}
{"level":"info","message":"Dados climáticos coletados e salvos com sucesso."}
{"level":"info","message":"Dados climáticos coletados e salvos com sucesso."}
{"level":"info","message":"Dados climáticos coletados e salvos com sucesso."}
{"level":"info","message":"Dados climáticos coletados e salvos com sucesso."}
{"level":"info","message":"Dados climáticos coletados e salvos com sucesso."}
{"level":"info","message":"Dados climáticos coletados e salvos com sucesso."}
{"level":"info","message":"Dados climáticos coletados e salvos com sucesso."}
{"level":"info","message":"Dados climáticos coletados e salvos com sucesso."}
{"level":"info","message":"Dados climáticos coletados e salvos com sucesso."}
{"level":"info","message":"Dados climáticos coletados e salvos com sucesso."}
{"level":"info","message":"Data collection job scheduled successfully."}
{"level":"info","message":"Dados climáticos coletados e salvos com sucesso."}
{"level":"info","message":"Dados climáticos coletados e salvos com sucesso."}
{"level":"info","message":"Dados climáticos coletados e salvos com sucesso."}
{"level":"info","message":"Dados climáticos coletados e salvos com sucesso."}
{"level":"info","message":"Dados climáticos coletados e salvos com sucesso."}
{"level":"info","message":"Dados climáticos coletados e salvos com sucesso."}
{"level":"info","message":"Dados climáticos coletados e salvos com sucesso."}
{"level":"info","message":"Dados climáticos coletados e salvos com sucesso."}
{"level":"info","message":"Dados climáticos coletados e salvos com sucesso."}
{"level":"info","message":"Dados climáticos coletados e salvos com sucesso."}
{"level":"info","message":"Dados climáticos coletados e salvos com sucesso."}
{"level":"info","message":"Dados climáticos coletados e salvos com sucesso."}
{"level":"info","message":"Dados climáticos coletados e salvos com sucesso."}
{"level":"info","message":"Dados climáticos coletados e salvos com sucesso."}
{"level":"info","message":"Dados climáticos coletados e salvos com sucesso."}
{"level":"info","message":"Dados climáticos coletados e salvos com sucesso."}
{"level":"info","message":"Dados climáticos coletados e salvos com sucesso."}
{"level":"info","message":"Data collection job scheduled successfully."}
{"level":"info","message":"Dados climáticos coletados e salvos com sucesso."}
{"level":"info","message":"Dados climáticos coletados e salvos com sucesso."}
{"level":"info","message":"Dados climáticos coletados e salvos com sucesso."}
{"level":"info","message":"Dados climáticos coletados e salvos com sucesso."}
{"level":"info","message":"Dados climáticos coletados e salvos com sucesso."}
{"level":"info","message":"Dados climáticos coletados e salvos com sucesso."}
{"level":"info","message":"Dados climáticos coletados e salvos com sucesso."}
{"level":"info","message":"Dados climáticos coletados e salvos com sucesso."}
{"level":"info","message":"Dados climáticos coletados e salvos com sucesso."}
{"level":"info","message":"Data collection job scheduled successfully."}
{"level":"info","message":"Data collection job scheduled successfully."}
{"level":"info","message":"Dados climáticos coletados e salvos com sucesso."}
{"level":"info","message":"Dados climáticos coletados e salvos com sucesso."}
{"level":"info","message":"Dados climáticos coletados e salvos com sucesso."}
{"level":"info","message":"Dados climáticos coletados e salvos com sucesso."}
{"level":"info","message":"Dados climáticos coletados e salvos com sucesso."}
{"level":"info","message":"Dados climáticos coletados e salvos com sucesso."}
{"level":"info","message":"Dados climáticos coletados e salvos com sucesso."}
{"level":"info","message":"Dados climáticos coletados e salvos com sucesso."}
{"level":"info","message":"Dados climáticos coletados e salvos com sucesso."}
{"level":"info","message":"Dados climáticos coletados e salvos com sucesso."}
{"level":"info","message":"Dados climáticos coletados e salvos com sucesso."}
{"level":"info","message":"Dados climáticos coletados e salvos com sucesso."}
{"level":"info","message":"Dados climáticos coletados e salvos com sucesso."}
{"level":"info","message":"Dados climáticos coletados e salvos com sucesso."}
{"level":"info","message":"Dados climáticos coletados e salvos com sucesso."}
{"level":"info","message":"Dados climáticos coletados e salvos com sucesso."}
{"level":"info","message":"Dados climáticos coletados e salvos com sucesso."}
{"level":"info","message":"Dados climáticos coletados e salvos com sucesso."}
{"level":"info","message":"Dados climáticos coletados e salvos com sucesso."}
{"level":"info","message":"Dados climáticos coletados e salvos com sucesso."}
{"level":"info","message":"Dados climáticos coletados e salvos com sucesso."}
{"level":"info","message":"Dados climáticos coletados e salvos com sucesso."}
{"level":"info","message":"Dados climáticos coletados e salvos com sucesso."}
{"level":"info","message":"Dados climáticos coletados e salvos com sucesso."}
{"level":"info","message":"Dados climáticos coletados e salvos com sucesso."}
{"level":"info","message":"Dados climáticos coletados e salvos com sucesso."}
{"level":"info","message":"Dados climáticos coletados e salvos com sucesso."}
{"level":"info","message":"Dados climáticos coletados e salvos com sucesso."}
{"level":"info","message":"Dados climáticos coletados e salvos com sucesso."}
{"level":"info","message":"Dados climáticos coletados e salvos com sucesso."}
{"level":"info","message":"Dados climáticos coletados e salvos com sucesso."}
{"level":"info","message":"Dados climáticos coletados e salvos com sucesso."}
{"level":"info","message":"Dados climáticos coletados e salvos com sucesso."}
{"level":"info","message":"Dados climáticos coletados e salvos com sucesso."}
{"level":"info","message":"Dados climáticos coletados e salvos com sucesso."}
{"level":"info","message":"Dados climáticos coletados e salvos com sucesso."}
{"level":"info","message":"Dados climáticos coletados e salvos com sucesso."}
{"level":"info","message":"Dados climáticos coletados e salvos com sucesso."}
{"level":"info","message":"Dados climáticos coletados e salvos com sucesso."}
{"level":"info","message":"Dados climáticos coletados e salvos com sucesso."}
{"level":"info","message":"Dados climáticos coletados e salvos com sucesso."}
{"level":"info","message":"Dados climáticos coletados e salvos com sucesso."}
{"level":"info","message":"Dados climáticos coletados e salvos com sucesso."}
{"level":"info","message":"Dados climáticos coletados e salvos com sucesso."}
{"level":"info","message":"Dados climáticos coletados e salvos com sucesso."}
{"level":"info","message":"Dados climáticos coletados e salvos com sucesso."}
{"level":"info","message":"Dados climáticos coletados e salvos com sucesso."}
{"level":"info","message":"Dados climáticos coletados e salvos com sucesso."}
{"level":"info","message":"Dados climáticos coletados e salvos com sucesso."}
{"level":"info","message":"Dados climáticos coletados e salvos com sucesso."}
{"level":"info","message":"Dados climáticos coletados e salvos com sucesso."}
{"level":"info","message":"Dados climáticos coletados e salvos com sucesso."}
{"level":"info","message":"Dados climáticos coletados e salvos com sucesso."}
{"level":"info","message":"Dados climáticos coletados e salvos com sucesso."}
{"level":"info","message":"Dados climáticos coletados e salvos com sucesso."}
{"level":"info","message":"Dados climáticos coletados e salvos com sucesso."}
{"level":"info","message":"Dados climáticos coletados e salvos com sucesso."}
{"level":"info","message":"Dados climáticos coletados e salvos com sucesso."}
{"level":"info","message":"Dados climáticos coletados e salvos com sucesso."}
{"level":"info","message":"Dados climáticos coletados e salvos com sucesso."}
{"level":"info","message":"Data collection job scheduled successfully."}
{"level":"info","message":"Dados climáticos coletados e salvos com sucesso."}
{"level":"info","message":"Data collection job scheduled successfully."}
{"level":"info","message":"Dados climáticos coletados e salvos com sucesso."}
{"level":"info","message":"Data collection job scheduled successfully."}
{"level":"info","message":"Dados climáticos coletados e salvos com sucesso."}
{"level":"info","message":"Data collection job scheduled successfully."}
{"level":"info","message":"Dados climáticos coletados e salvos com sucesso."}
{"level":"info","message":"Data collection job scheduled successfully."}
{"level":"info","message":"Dados climáticos coletados e salvos com sucesso."}
{"level":"info","message":"Data collection job scheduled successfully."}
{"level":"info","message":"Dados climáticos coletados e salvos com sucesso."}
{"level":"info","message":"Data collection job scheduled successfully."}
{"level":"info","message":"Dados climáticos coletados e salvos com sucesso."}
{"level":"info","message":"Data collection job scheduled successfully."}
{"level":"info","message":"Dados climáticos coletados e salvos com sucesso."}
{"level":"info","message":"Data collection job scheduled successfully."}
{"level":"info","message":"Dados climáticos coletados e salvos com sucesso."}
{"level":"info","message":"Data collection job scheduled successfully."}
{"level":"info","message":"Dados climáticos coletados e salvos com sucesso."}
{"level":"info","message":"Data collection job scheduled successfully."}
{"level":"info","message":"Dados climáticos coletados e salvos com sucesso."}
{"level":"info","message":"Data collection job scheduled successfully."}
{"level":"info","message":"Dados climáticos coletados e salvos com sucesso."}
{"level":"info","message":"Data collection job scheduled successfully."}
{"level":"info","message":"Dados climáticos coletados e salvos com sucesso."}
{"level":"info","message":"Data collection job scheduled successfully."}
{"level":"info","message":"Dados climáticos coletados e salvos com sucesso."}
{"level":"info","message":"Data collection job scheduled successfully."}
{"level":"info","message":"Jobs agendados com sucesso para atualização semanal, quinzenal, mensal e semestral."}
{"level":"info","message":"Dados climáticos de Campo Grande atualizados e salvos com sucesso (semanal)."}
{"level":"info","message":"Dados climáticos de Campo Grande atualizados e salvos com sucesso (semanal)."}
